<?xml version="1.0" encoding="UTF-8"?>
<!-- Generated by org.testng.reporters.JUnitReportReporter -->
<testsuite skipped="0" hostname="DESKTOP-GE8QUUQ" name="com.ncl.tests.ShorExSearchTest" tests="1" failures="0" timestamp="2020-01-12T18:35:38 EST" time="28.000" errors="0">
  <testcase name="ShorExSearchPagePrice0to30Test" time="28.000" classname="com.ncl.tests.ShorExSearchTest"/>
  <system-out/>
</testsuite> <!-- com.ncl.tests.ShorExSearchTest -->
