<?xml version="1.0" encoding="UTF-8"?>
<!-- Generated by org.testng.reporters.JUnitReportReporter -->
<testsuite skipped="0" hostname="DESKTOP-GE8QUUQ" name="com.ncl.tests.ShorExPriceTest" tests="1" failures="0" timestamp="2020-01-11T20:47:57 EST" time="0.005" errors="0">
  <testcase name="ShorExHomePageTitleTest" time="0.005" classname="com.ncl.tests.ShorExPriceTest"/>
  <system-out/>
</testsuite> <!-- com.ncl.tests.ShorExPriceTest -->
