<?xml version="1.0" encoding="UTF-8"?>
<!-- Generated by org.testng.reporters.JUnitReportReporter -->
<testsuite skipped="0" hostname="DESKTOP-GE8QUUQ" name="com.ncl.tests.ShorExSearchTest" tests="1" failures="0" timestamp="2020-01-13T14:25:27 EST" time="24.775" errors="0">
  <testcase name="ShorExSearchPagePrice0to30Test" time="24.775" classname="com.ncl.tests.ShorExSearchTest"/>
  <system-out/>
</testsuite> <!-- com.ncl.tests.ShorExSearchTest -->
